c:\users\alexg\cs201-program10-part2-duke1235\cs201wk9apart2template\x64\debug\vc143.pdb
c:\users\alexg\cs201-program10-part2-duke1235\cs201wk9apart2template\x64\debug\vc143.idb
c:\users\alexg\cs201-program10-part2-duke1235\cs201wk9apart2template\x64\debug\teacher.obj
c:\users\alexg\cs201-program10-part2-duke1235\cs201wk9apart2template\x64\debug\student.obj
c:\users\alexg\cs201-program10-part2-duke1235\cs201wk9apart2template\x64\debug\staff.obj
c:\users\alexg\cs201-program10-part2-duke1235\cs201wk9apart2template\x64\debug\pet.obj
c:\users\alexg\cs201-program10-part2-duke1235\cs201wk9apart2template\x64\debug\person.obj
c:\users\alexg\cs201-program10-part2-duke1235\cs201wk9apart2template\x64\debug\function.obj
c:\users\alexg\cs201-program10-part2-duke1235\cs201wk9apart2template\x64\debug\employee.obj
c:\users\alexg\cs201-program10-part2-duke1235\cs201wk9apart2template\x64\debug\cs201wk9apart2template.obj
c:\users\alexg\cs201-program10-part2-duke1235\cs201wk9apart2template\x64\debug\cs201wk9apart2template.ilk
c:\users\alexg\cs201-program10-part2-duke1235\cs201wk9apart2template\x64\debug\cs201wk9apart2template.nativecodeanalysis.xml
c:\users\alexg\cs201-program10-part2-duke1235\cs201wk9apart2template\x64\debug\employee.nativecodeanalysis.xml
c:\users\alexg\cs201-program10-part2-duke1235\cs201wk9apart2template\x64\debug\function.nativecodeanalysis.xml
c:\users\alexg\cs201-program10-part2-duke1235\cs201wk9apart2template\x64\debug\person.nativecodeanalysis.xml
c:\users\alexg\cs201-program10-part2-duke1235\cs201wk9apart2template\x64\debug\pet.nativecodeanalysis.xml
c:\users\alexg\cs201-program10-part2-duke1235\cs201wk9apart2template\x64\debug\staff.nativecodeanalysis.xml
c:\users\alexg\cs201-program10-part2-duke1235\cs201wk9apart2template\x64\debug\student.nativecodeanalysis.xml
c:\users\alexg\cs201-program10-part2-duke1235\cs201wk9apart2template\x64\debug\teacher.nativecodeanalysis.xml
c:\users\alexg\cs201-program10-part2-duke1235\cs201wk9apart2template\x64\debug\vc.nativecodeanalysis.all.xml
c:\users\alexg\cs201-program10-part2-duke1235\x64\debug\cs201wk9apart2template.pdb
c:\users\alexg\cs201-program10-part2-duke1235\cs201wk9apart2template\x64\debug\cs201wk9.4b42fe9d.tlog\cl.command.1.tlog
c:\users\alexg\cs201-program10-part2-duke1235\cs201wk9apart2template\x64\debug\cs201wk9.4b42fe9d.tlog\cl.items.tlog
c:\users\alexg\cs201-program10-part2-duke1235\cs201wk9apart2template\x64\debug\cs201wk9.4b42fe9d.tlog\cl.read.1.tlog
c:\users\alexg\cs201-program10-part2-duke1235\cs201wk9apart2template\x64\debug\cs201wk9.4b42fe9d.tlog\cl.write.1.tlog
c:\users\alexg\cs201-program10-part2-duke1235\cs201wk9apart2template\x64\debug\cs201wk9.4b42fe9d.tlog\link-cvtres.read.1.tlog
c:\users\alexg\cs201-program10-part2-duke1235\cs201wk9apart2template\x64\debug\cs201wk9.4b42fe9d.tlog\link-cvtres.write.1.tlog
c:\users\alexg\cs201-program10-part2-duke1235\cs201wk9apart2template\x64\debug\cs201wk9.4b42fe9d.tlog\link-rc.read.1.tlog
c:\users\alexg\cs201-program10-part2-duke1235\cs201wk9apart2template\x64\debug\cs201wk9.4b42fe9d.tlog\link-rc.write.1.tlog
c:\users\alexg\cs201-program10-part2-duke1235\cs201wk9apart2template\x64\debug\cs201wk9.4b42fe9d.tlog\link.28324-cvtres.read.1.tlog
c:\users\alexg\cs201-program10-part2-duke1235\cs201wk9apart2template\x64\debug\cs201wk9.4b42fe9d.tlog\link.28324-cvtres.write.1.tlog
c:\users\alexg\cs201-program10-part2-duke1235\cs201wk9apart2template\x64\debug\cs201wk9.4b42fe9d.tlog\link.28324-rc.read.1.tlog
c:\users\alexg\cs201-program10-part2-duke1235\cs201wk9apart2template\x64\debug\cs201wk9.4b42fe9d.tlog\link.28324-rc.write.1.tlog
c:\users\alexg\cs201-program10-part2-duke1235\cs201wk9apart2template\x64\debug\cs201wk9.4b42fe9d.tlog\link.28324.read.1.tlog
c:\users\alexg\cs201-program10-part2-duke1235\cs201wk9apart2template\x64\debug\cs201wk9.4b42fe9d.tlog\link.28324.read.2.tlog
c:\users\alexg\cs201-program10-part2-duke1235\cs201wk9apart2template\x64\debug\cs201wk9.4b42fe9d.tlog\link.28324.read.3.tlog
c:\users\alexg\cs201-program10-part2-duke1235\cs201wk9apart2template\x64\debug\cs201wk9.4b42fe9d.tlog\link.28324.read.4.tlog
c:\users\alexg\cs201-program10-part2-duke1235\cs201wk9apart2template\x64\debug\cs201wk9.4b42fe9d.tlog\link.28324.write.1.tlog
c:\users\alexg\cs201-program10-part2-duke1235\cs201wk9apart2template\x64\debug\cs201wk9.4b42fe9d.tlog\link.command.1.tlog
c:\users\alexg\cs201-program10-part2-duke1235\cs201wk9apart2template\x64\debug\cs201wk9.4b42fe9d.tlog\link.read.1.tlog
c:\users\alexg\cs201-program10-part2-duke1235\cs201wk9apart2template\x64\debug\cs201wk9.4b42fe9d.tlog\link.read.2.tlog
c:\users\alexg\cs201-program10-part2-duke1235\cs201wk9apart2template\x64\debug\cs201wk9.4b42fe9d.tlog\link.read.3.tlog
c:\users\alexg\cs201-program10-part2-duke1235\cs201wk9apart2template\x64\debug\cs201wk9.4b42fe9d.tlog\link.read.4.tlog
c:\users\alexg\cs201-program10-part2-duke1235\cs201wk9apart2template\x64\debug\cs201wk9.4b42fe9d.tlog\link.secondary.1.tlog
c:\users\alexg\cs201-program10-part2-duke1235\cs201wk9apart2template\x64\debug\cs201wk9.4b42fe9d.tlog\link.write.1.tlog
